<?xml version="1.0" encoding="UTF-8"?>
<!-- Generated by org.testng.reporters.JUnitXMLReporter -->
<testsuite hostname="DESKTOP-P8L6JL1" ignored="9" name="Default test" tests="1" failures="1" timestamp="27 Jun 2021 07:18:19 GMT" time="0.041" errors="0">
  <testcase name="@BeforeTest setup" time="0.0" classname="Automation.BookMyShow.Test_Execution">
    <failure type="org.testng.TestNGException" message="
Parameter &amp;apos;browser&amp;apos; is required by BeforeTest on method setup but has not been marked @Optional or defined
in C:\Users\srao9\AppData\Local\Temp\testng-eclipse--1529884309\testng-customsuite.xml">
      <![CDATA[org.testng.TestNGException: 
Parameter 'browser' is required by BeforeTest on method setup but has not been marked @Optional or defined
in C:\Users\srao9\AppData\Local\Temp\testng-eclipse--1529884309\testng-customsuite.xml
at org.testng.internal.Parameters.createParams(Parameters.java:290)
at org.testng.internal.Parameters.createParametersForMethod(Parameters.java:359)
at org.testng.internal.Parameters.createParameters(Parameters.java:620)
at org.testng.internal.Parameters.createConfigurationParameters(Parameters.java:190)
at org.testng.internal.Invoker.invokeConfigurations(Invoker.java:209)
at org.testng.internal.Invoker.invokeConfigurations(Invoker.java:142)
at org.testng.TestRunner.beforeRun(TestRunner.java:529)
at org.testng.TestRunner.run(TestRunner.java:497)
at org.testng.SuiteRunner.runTest(SuiteRunner.java:455)
at org.testng.SuiteRunner.runSequentially(SuiteRunner.java:450)
at org.testng.SuiteRunner.privateRun(SuiteRunner.java:415)
at org.testng.SuiteRunner.run(SuiteRunner.java:364)
at org.testng.SuiteRunnerWorker.runSuite(SuiteRunnerWorker.java:52)
at org.testng.SuiteRunnerWorker.run(SuiteRunnerWorker.java:84)
at org.testng.TestNG.runSuitesSequentially(TestNG.java:1208)
at org.testng.TestNG.runSuitesLocally(TestNG.java:1137)
at org.testng.TestNG.runSuites(TestNG.java:1049)
at org.testng.TestNG.run(TestNG.java:1017)
at org.testng.remote.AbstractRemoteTestNG.run(AbstractRemoteTestNG.java:115)
at org.testng.remote.RemoteTestNG.initAndRun(RemoteTestNG.java:251)
at org.testng.remote.RemoteTestNG.main(RemoteTestNG.java:77)
]]>
    </failure>
  </testcase> <!-- @BeforeTest setup -->
  <testcase name="@AfterTest closeDriver" time="0.0" classname="Automation.BookMyShow.Test_Execution">
    <skipped/>
  </testcase> <!-- @AfterTest closeDriver -->
  <testcase name="openBrowser" time="0.0" classname="Automation.BookMyShow.Test_Execution">
    <failure type="org.testng.TestNGException" message="
Parameter &amp;apos;URL&amp;apos; is required by @Test on method openBrowser but has not been marked @Optional or defined
in C:\Users\srao9\AppData\Local\Temp\testng-eclipse--1529884309\testng-customsuite.xml">
      <![CDATA[org.testng.TestNGException: 
Parameter 'URL' is required by @Test on method openBrowser but has not been marked @Optional or defined
in C:\Users\srao9\AppData\Local\Temp\testng-eclipse--1529884309\testng-customsuite.xml
at org.testng.internal.Parameters.createParams(Parameters.java:290)
at org.testng.internal.Parameters.createParametersForMethod(Parameters.java:359)
at org.testng.internal.Parameters.createParameters(Parameters.java:620)
at org.testng.internal.Parameters.handleParameters(Parameters.java:769)
at org.testng.internal.ParameterHandler.handleParameters(ParameterHandler.java:49)
at org.testng.internal.ParameterHandler.createParameters(ParameterHandler.java:37)
at org.testng.internal.Invoker.invokeTestMethods(Invoker.java:924)
at org.testng.internal.TestMethodWorker.invokeTestMethods(TestMethodWorker.java:125)
at org.testng.internal.TestMethodWorker.run(TestMethodWorker.java:109)
at org.testng.TestRunner.privateRun(TestRunner.java:648)
at org.testng.TestRunner.run(TestRunner.java:505)
at org.testng.SuiteRunner.runTest(SuiteRunner.java:455)
at org.testng.SuiteRunner.runSequentially(SuiteRunner.java:450)
at org.testng.SuiteRunner.privateRun(SuiteRunner.java:415)
at org.testng.SuiteRunner.run(SuiteRunner.java:364)
at org.testng.SuiteRunnerWorker.runSuite(SuiteRunnerWorker.java:52)
at org.testng.SuiteRunnerWorker.run(SuiteRunnerWorker.java:84)
at org.testng.TestNG.runSuitesSequentially(TestNG.java:1208)
at org.testng.TestNG.runSuitesLocally(TestNG.java:1137)
at org.testng.TestNG.runSuites(TestNG.java:1049)
at org.testng.TestNG.run(TestNG.java:1017)
at org.testng.remote.AbstractRemoteTestNG.run(AbstractRemoteTestNG.java:115)
at org.testng.remote.RemoteTestNG.initAndRun(RemoteTestNG.java:251)
at org.testng.remote.RemoteTestNG.main(RemoteTestNG.java:77)
]]>
    </failure>
  </testcase> <!-- openBrowser -->
  <testcase name="switchWindow" time="0.0" classname="Automation.BookMyShow.Test_Execution">
    <ignored/>
  </testcase> <!-- switchWindow -->
  <testcase name="signUp" time="0.0" classname="Automation.BookMyShow.Test_Execution">
    <ignored/>
  </testcase> <!-- signUp -->
  <testcase name="signUpUsingGoogle" time="0.0" classname="Automation.BookMyShow.Test_Execution">
    <ignored/>
  </testcase> <!-- signUpUsingGoogle -->
  <testcase name="sports" time="0.0" classname="Automation.BookMyShow.Test_Execution">
    <ignored/>
  </testcase> <!-- sports -->
  <testcase name="priceSelector" time="0.0" classname="Automation.BookMyShow.Test_Execution">
    <ignored/>
  </testcase> <!-- priceSelector -->
  <testcase name="rangeSelector" time="0.0" classname="Automation.BookMyShow.Test_Execution">
    <ignored/>
  </testcase> <!-- rangeSelector -->
  <testcase name="moviesData" time="0.0" classname="Automation.BookMyShow.Test_Execution">
    <ignored/>
  </testcase> <!-- moviesData -->
  <testcase name="signUpNCR" time="0.0" classname="Automation.BookMyShow.Test_Execution">
    <ignored/>
  </testcase> <!-- signUpNCR -->
  <testcase name="weekendSelector" time="0.0" classname="Automation.BookMyShow.Test_Execution">
    <ignored/>
  </testcase> <!-- weekendSelector -->
</testsuite> <!-- Default test -->
